#
# There is insufficient memory for the Java Runtime Environment to continue.
# Native memory allocation (malloc) failed to allocate 41943040 bytes for committing reserved memory.
# Possible reasons:
#   The system is out of physical RAM or swap space
#   In 32 bit mode, the process size limit was hit
# Possible solutions:
#   Reduce memory load on the system
#   Increase physical memory or swap space
#   Check if swap backing store is full
#   Use 64 bit Java on a 64 bit OS
#   Decrease Java heap size (-Xmx/-Xms)
#   Decrease number of Java threads
#   Decrease Java thread stack sizes (-Xss)
#   Set larger code cache with -XX:ReservedCodeCacheSize=
# This output file may be truncated or incomplete.
#
#  Out of Memory Error (os_linux.cpp:2798), pid=9017, tid=140551444268800
#
# JRE version:  (7.0_65-b32) (build )
# Java VM: OpenJDK 64-Bit Server VM (24.65-b04 mixed mode linux-amd64 compressed oops)
# Derivative: IcedTea 2.5.3
# Distribution: Ubuntu 14.04 LTS, package 7u71-2.5.3-0ubuntu0.14.04.1
# Failed to write core dump. Core dumps have been disabled. To enable core dumping, try "ulimit -c unlimited" before starting Java again
#

---------------  T H R E A D  ---------------

Current thread (0x00007fd4a800c000):  JavaThread "Unknown thread" [_thread_in_vm, id=9021, stack(0x00007fd4aed88000,0x00007fd4aee89000)]

Stack: [0x00007fd4aed88000,0x00007fd4aee89000],  sp=0x00007fd4aee87500,  free space=1021k
Native frames: (J=compiled Java code, j=interpreted, Vv=VM code, C=native code)
V  [libjvm.so+0x948b05]  VMError::report_and_die()+0x175
V  [libjvm.so+0x48bc34]  report_vm_out_of_memory(char const*, int, unsigned long, char const*)+0x74
V  [libjvm.so+0x7c7bfb]  os::pd_commit_memory(char*, unsigned long, unsigned long, bool)+0xeb
V  [libjvm.so+0x7c26bf]  os::commit_memory(char*, unsigned long, unsigned long, bool)+0x1f
V  [libjvm.so+0x833e4b]  PSVirtualSpace::expand_by(unsigned long)+0x5b
V  [libjvm.so+0x8242be]  PSOldGen::initialize(ReservedSpace, unsigned long, char const*, int)+0xce
V  [libjvm.so+0x2a5b0f]  AdjoiningGenerations::AdjoiningGenerations(ReservedSpace, unsigned long, unsigned long, unsigned long, unsigned long, unsigned long, unsigned long, unsigned long)+0x3af
V  [libjvm.so+0x7e7690]  ParallelScavengeHeap::initialize()+0x5b0
V  [libjvm.so+0x91a6f7]  Universe::initialize_heap()+0xc7
V  [libjvm.so+0x91aa27]  universe_init()+0x67
V  [libjvm.so+0x59d255]  init_globals()+0x55
V  [libjvm.so+0x8fd3bf]  Threads::create_vm(JavaVMInitArgs*, bool*)+0x35f
V  [libjvm.so+0x6085d4]  JNI_CreateJavaVM+0x54
C  [libjli.so+0x2b48]


---------------  P R O C E S S  ---------------

Java Threads: ( => current thread )

Other Threads:

=>0x00007fd4a800c000 (exited) JavaThread "Unknown thread" [_thread_in_vm, id=9021, stack(0x00007fd4aed88000,0x00007fd4aee89000)]

VM state:not at safepoint (not fully initialized)

VM Mutex/Monitor currently owned by a thread: None

GC Heap History (0 events):
No events

Deoptimization events (0 events):
No events

Internal exceptions (0 events):
No events

Events (0 events):
No events


Dynamic libraries:
00400000-00401000 r-xp 00000000 08:02 7605922                            /usr/lib/jvm/java-7-openjdk-amd64/jre/bin/java
00600000-00601000 r--p 00000000 08:02 7605922                            /usr/lib/jvm/java-7-openjdk-amd64/jre/bin/java
00601000-00602000 rw-p 00001000 08:02 7605922                            /usr/lib/jvm/java-7-openjdk-amd64/jre/bin/java
00eee000-00f0f000 rw-p 00000000 00:00 0                                  [heap]
b9a00000-c4000000 rw-p 00000000 00:00 0 
c6800000-ec000000 rw-p 00000000 00:00 0 
ec000000-ed400000 rw-p 00000000 00:00 0 
ed400000-100000000 rw-p 00000000 00:00 0 
7fd4a4560000-7fd4a479a000 rw-p 00000000 00:00 0 
7fd4a479a000-7fd4a492d000 rw-p 00000000 00:00 0 
7fd4a492d000-7fd4a4937000 rw-p 00000000 00:00 0 
7fd4a4937000-7fd4a49cd000 rw-p 00000000 00:00 0 
7fd4a49cd000-7fd4a49ce000 rw-p 00000000 00:00 0 
7fd4a49ce000-7fd4a4c3e000 rwxp 00000000 00:00 0 
7fd4a4c3e000-7fd4a79ce000 rw-p 00000000 00:00 0 
7fd4a79ce000-7fd4a79d9000 r-xp 00000000 08:02 13112682                   /lib/x86_64-linux-gnu/libnss_files-2.19.so
7fd4a79d9000-7fd4a7bd8000 ---p 0000b000 08:02 13112682                   /lib/x86_64-linux-gnu/libnss_files-2.19.so
7fd4a7bd8000-7fd4a7bd9000 r--p 0000a000 08:02 13112682                   /lib/x86_64-linux-gnu/libnss_files-2.19.so
7fd4a7bd9000-7fd4a7bda000 rw-p 0000b000 08:02 13112682                   /lib/x86_64-linux-gnu/libnss_files-2.19.so
7fd4a7bda000-7fd4a7be5000 r-xp 00000000 08:02 13112696                   /lib/x86_64-linux-gnu/libnss_nis-2.19.so
7fd4a7be5000-7fd4a7de4000 ---p 0000b000 08:02 13112696                   /lib/x86_64-linux-gnu/libnss_nis-2.19.so
7fd4a7de4000-7fd4a7de5000 r--p 0000a000 08:02 13112696                   /lib/x86_64-linux-gnu/libnss_nis-2.19.so
7fd4a7de5000-7fd4a7de6000 rw-p 0000b000 08:02 13112696                   /lib/x86_64-linux-gnu/libnss_nis-2.19.so
7fd4a7de6000-7fd4a7dfd000 r-xp 00000000 08:02 13112668                   /lib/x86_64-linux-gnu/libnsl-2.19.so
7fd4a7dfd000-7fd4a7ffc000 ---p 00017000 08:02 13112668                   /lib/x86_64-linux-gnu/libnsl-2.19.so
7fd4a7ffc000-7fd4a7ffd000 r--p 00016000 08:02 13112668                   /lib/x86_64-linux-gnu/libnsl-2.19.so
7fd4a7ffd000-7fd4a7ffe000 rw-p 00017000 08:02 13112668                   /lib/x86_64-linux-gnu/libnsl-2.19.so
7fd4a7ffe000-7fd4a8000000 rw-p 00000000 00:00 0 
7fd4a8000000-7fd4a8025000 rw-p 00000000 00:00 0 
7fd4a8025000-7fd4ac000000 ---p 00000000 00:00 0 
7fd4ac001000-7fd4ac009000 r-xp 00000000 08:02 7604742                    /usr/lib/jvm/java-7-openjdk-amd64/jre/lib/amd64/libzip.so
7fd4ac009000-7fd4ac208000 ---p 00008000 08:02 7604742                    /usr/lib/jvm/java-7-openjdk-amd64/jre/lib/amd64/libzip.so
7fd4ac208000-7fd4ac209000 r--p 00007000 08:02 7604742                    /usr/lib/jvm/java-7-openjdk-amd64/jre/lib/amd64/libzip.so
7fd4ac209000-7fd4ac20a000 rw-p 00008000 08:02 7604742                    /usr/lib/jvm/java-7-openjdk-amd64/jre/lib/amd64/libzip.so
7fd4ac20a000-7fd4ac213000 r-xp 00000000 08:02 13112690                   /lib/x86_64-linux-gnu/libnss_compat-2.19.so
7fd4ac213000-7fd4ac412000 ---p 00009000 08:02 13112690                   /lib/x86_64-linux-gnu/libnss_compat-2.19.so
7fd4ac412000-7fd4ac413000 r--p 00008000 08:02 13112690                   /lib/x86_64-linux-gnu/libnss_compat-2.19.so
7fd4ac413000-7fd4ac414000 rw-p 00009000 08:02 13112690                   /lib/x86_64-linux-gnu/libnss_compat-2.19.so
7fd4ac414000-7fd4ac43f000 r-xp 00000000 08:02 7604959                    /usr/lib/jvm/java-7-openjdk-amd64/jre/lib/amd64/libjava.so
7fd4ac43f000-7fd4ac63e000 ---p 0002b000 08:02 7604959                    /usr/lib/jvm/java-7-openjdk-amd64/jre/lib/amd64/libjava.so
7fd4ac63e000-7fd4ac63f000 r--p 0002a000 08:02 7604959                    /usr/lib/jvm/java-7-openjdk-amd64/jre/lib/amd64/libjava.so
7fd4ac63f000-7fd4ac641000 rw-p 0002b000 08:02 7604959                    /usr/lib/jvm/java-7-openjdk-amd64/jre/lib/amd64/libjava.so
7fd4ac641000-7fd4ac651000 r-xp 00000000 08:02 7605282                    /usr/lib/jvm/java-7-openjdk-amd64/jre/lib/amd64/libverify.so
7fd4ac651000-7fd4ac850000 ---p 00010000 08:02 7605282                    /usr/lib/jvm/java-7-openjdk-amd64/jre/lib/amd64/libverify.so
7fd4ac850000-7fd4ac852000 r--p 0000f000 08:02 7605282                    /usr/lib/jvm/java-7-openjdk-amd64/jre/lib/amd64/libverify.so
7fd4ac852000-7fd4ac853000 rw-p 00011000 08:02 7605282                    /usr/lib/jvm/java-7-openjdk-amd64/jre/lib/amd64/libverify.so
7fd4ac853000-7fd4ac85a000 r-xp 00000000 08:02 13112702                   /lib/x86_64-linux-gnu/librt-2.19.so
7fd4ac85a000-7fd4aca59000 ---p 00007000 08:02 13112702                   /lib/x86_64-linux-gnu/librt-2.19.so
7fd4aca59000-7fd4aca5a000 r--p 00006000 08:02 13112702                   /lib/x86_64-linux-gnu/librt-2.19.so
7fd4aca5a000-7fd4aca5b000 rw-p 00007000 08:02 13112702                   /lib/x86_64-linux-gnu/librt-2.19.so
7fd4aca5b000-7fd4aca71000 r-xp 00000000 08:02 13111162                   /lib/x86_64-linux-gnu/libgcc_s.so.1
7fd4aca71000-7fd4acc70000 ---p 00016000 08:02 13111162                   /lib/x86_64-linux-gnu/libgcc_s.so.1
7fd4acc70000-7fd4acc71000 rw-p 00015000 08:02 13111162                   /lib/x86_64-linux-gnu/libgcc_s.so.1
7fd4acc71000-7fd4acd76000 r-xp 00000000 08:02 13112665                   /lib/x86_64-linux-gnu/libm-2.19.so
7fd4acd76000-7fd4acf75000 ---p 00105000 08:02 13112665                   /lib/x86_64-linux-gnu/libm-2.19.so
7fd4acf75000-7fd4acf76000 r--p 00104000 08:02 13112665                   /lib/x86_64-linux-gnu/libm-2.19.so
7fd4acf76000-7fd4acf77000 rw-p 00105000 08:02 13112665                   /lib/x86_64-linux-gnu/libm-2.19.so
7fd4acf77000-7fd4ad05d000 r-xp 00000000 08:02 7611064                    /usr/lib/x86_64-linux-gnu/libstdc++.so.6.0.19
7fd4ad05d000-7fd4ad25c000 ---p 000e6000 08:02 7611064                    /usr/lib/x86_64-linux-gnu/libstdc++.so.6.0.19
7fd4ad25c000-7fd4ad264000 r--p 000e5000 08:02 7611064                    /usr/lib/x86_64-linux-gnu/libstdc++.so.6.0.19
7fd4ad264000-7fd4ad266000 rw-p 000ed000 08:02 7611064                    /usr/lib/x86_64-linux-gnu/libstdc++.so.6.0.19
7fd4ad266000-7fd4ad27b000 rw-p 00000000 00:00 0 
7fd4ad27b000-7fd4add91000 r-xp 00000000 08:02 7605349                    /usr/lib/jvm/java-7-openjdk-amd64/jre/lib/amd64/server/libjvm.so
7fd4add91000-7fd4adf90000 ---p 00b16000 08:02 7605349                    /usr/lib/jvm/java-7-openjdk-amd64/jre/lib/amd64/server/libjvm.so
7fd4adf90000-7fd4ae02a000 r--p 00b15000 08:02 7605349                    /usr/lib/jvm/java-7-openjdk-amd64/jre/lib/amd64/server/libjvm.so
7fd4ae02a000-7fd4ae04d000 rw-p 00baf000 08:02 7605349                    /usr/lib/jvm/java-7-openjdk-amd64/jre/lib/amd64/server/libjvm.so
7fd4ae04d000-7fd4ae07b000 rw-p 00000000 00:00 0 
7fd4ae07b000-7fd4ae093000 r-xp 00000000 08:02 13111348                   /lib/x86_64-linux-gnu/libz.so.1.2.8
7fd4ae093000-7fd4ae292000 ---p 00018000 08:02 13111348                   /lib/x86_64-linux-gnu/libz.so.1.2.8
7fd4ae292000-7fd4ae293000 r--p 00017000 08:02 13111348                   /lib/x86_64-linux-gnu/libz.so.1.2.8
7fd4ae293000-7fd4ae294000 rw-p 00018000 08:02 13111348                   /lib/x86_64-linux-gnu/libz.so.1.2.8
7fd4ae294000-7fd4ae2ad000 r-xp 00000000 08:02 13112676                   /lib/x86_64-linux-gnu/libpthread-2.19.so
7fd4ae2ad000-7fd4ae4ac000 ---p 00019000 08:02 13112676                   /lib/x86_64-linux-gnu/libpthread-2.19.so
7fd4ae4ac000-7fd4ae4ad000 r--p 00018000 08:02 13112676                   /lib/x86_64-linux-gnu/libpthread-2.19.so
7fd4ae4ad000-7fd4ae4ae000 rw-p 00019000 08:02 13112676                   /lib/x86_64-linux-gnu/libpthread-2.19.so
7fd4ae4ae000-7fd4ae4b2000 rw-p 00000000 00:00 0 
7fd4ae4b2000-7fd4ae4b5000 r-xp 00000000 08:02 13112686                   /lib/x86_64-linux-gnu/libdl-2.19.so
7fd4ae4b5000-7fd4ae6b4000 ---p 00003000 08:02 13112686                   /lib/x86_64-linux-gnu/libdl-2.19.so
7fd4ae6b4000-7fd4ae6b5000 r--p 00002000 08:02 13112686                   /lib/x86_64-linux-gnu/libdl-2.19.so
7fd4ae6b5000-7fd4ae6b6000 rw-p 00003000 08:02 13112686                   /lib/x86_64-linux-gnu/libdl-2.19.so
7fd4ae6b6000-7fd4ae871000 r-xp 00000000 08:02 13112698                   /lib/x86_64-linux-gnu/libc-2.19.so
7fd4ae871000-7fd4aea71000 ---p 001bb000 08:02 13112698                   /lib/x86_64-linux-gnu/libc-2.19.so
7fd4aea71000-7fd4aea75000 r--p 001bb000 08:02 13112698                   /lib/x86_64-linux-gnu/libc-2.19.so
7fd4aea75000-7fd4aea77000 rw-p 001bf000 08:02 13112698                   /lib/x86_64-linux-gnu/libc-2.19.so
7fd4aea77000-7fd4aea7c000 rw-p 00000000 00:00 0 
7fd4aea7c000-7fd4aea89000 r-xp 00000000 08:02 7604746                    /usr/lib/jvm/java-7-openjdk-amd64/jre/lib/amd64/jli/libjli.so
7fd4aea89000-7fd4aec88000 ---p 0000d000 08:02 7604746                    /usr/lib/jvm/java-7-openjdk-amd64/jre/lib/amd64/jli/libjli.so
7fd4aec88000-7fd4aec89000 r--p 0000c000 08:02 7604746                    /usr/lib/jvm/java-7-openjdk-amd64/jre/lib/amd64/jli/libjli.so
7fd4aec89000-7fd4aec8a000 rw-p 0000d000 08:02 7604746                    /usr/lib/jvm/java-7-openjdk-amd64/jre/lib/amd64/jli/libjli.so
7fd4aec8a000-7fd4aecad000 r-xp 00000000 08:02 13112692                   /lib/x86_64-linux-gnu/ld-2.19.so
7fd4aecc8000-7fd4aecd2000 rw-p 00000000 00:00 0 
7fd4aecd2000-7fd4aed88000 rw-p 00000000 00:00 0 
7fd4aed88000-7fd4aed8b000 ---p 00000000 00:00 0 
7fd4aed8b000-7fd4aee8e000 rw-p 00000000 00:00 0                          [stack:9021]
7fd4aee9e000-7fd4aeea0000 rw-p 00000000 00:00 0 
7fd4aeea0000-7fd4aeea8000 rw-s 00000000 08:02 4860471                    /tmp/hsperfdata_kama/9017
7fd4aeea8000-7fd4aeea9000 rw-p 00000000 00:00 0 
7fd4aeea9000-7fd4aeeaa000 r--p 00000000 00:00 0 
7fd4aeeaa000-7fd4aeeac000 rw-p 00000000 00:00 0 
7fd4aeeac000-7fd4aeead000 r--p 00022000 08:02 13112692                   /lib/x86_64-linux-gnu/ld-2.19.so
7fd4aeead000-7fd4aeeae000 rw-p 00023000 08:02 13112692                   /lib/x86_64-linux-gnu/ld-2.19.so
7fd4aeeae000-7fd4aeeaf000 rw-p 00000000 00:00 0 
7fff005f4000-7fff00616000 rw-p 00000000 00:00 0                          [stack]
7fff007be000-7fff007c0000 r-xp 00000000 00:00 0                          [vdso]
ffffffffff600000-ffffffffff601000 r-xp 00000000 00:00 0                  [vsyscall]

VM Arguments:
java_command: com.google.appengine.tools.enhancer.Enhance /home/kama/git/se_project/war/WEB-INF/classes/edu/example/client/gui/MainGUI$2.class /home/kama/git/se_project/war/WEB-INF/classes/edu/example/client/gui/MainGUI.class /home/kama/git/se_project/war/WEB-INF/classes/edu/example/client/gui/MainGUI$IndexedColumn.class /home/kama/git/se_project/war/WEB-INF/classes/edu/example/client/gui/MainGUI$DisplayClickHandler.class /home/kama/git/se_project/war/WEB-INF/classes/edu/example/client/gui/MainGUI$1.class -enhancerVersion v1
Launcher Type: SUN_STANDARD

Environment Variables:
PATH=/usr/local/sbin:/usr/local/bin:/usr/sbin:/usr/bin:/sbin:/bin:/usr/games:/usr/local/games
SHELL=/bin/bash
DISPLAY=:0

Signal Handlers:
SIGSEGV: [libjvm.so+0x9495e0], sa_mask[0]=0x7ffbfeff, sa_flags=0x10000004
SIGBUS: [libjvm.so+0x9495e0], sa_mask[0]=0x7ffbfeff, sa_flags=0x10000004
SIGFPE: [libjvm.so+0x7c3410], sa_mask[0]=0x7ffbfeff, sa_flags=0x10000004
SIGPIPE: [libjvm.so+0x7c3410], sa_mask[0]=0x7ffbfeff, sa_flags=0x10000004
SIGXFSZ: [libjvm.so+0x7c3410], sa_mask[0]=0x7ffbfeff, sa_flags=0x10000004
SIGILL: [libjvm.so+0x7c3410], sa_mask[0]=0x7ffbfeff, sa_flags=0x10000004
SIGUSR1: SIG_DFL, sa_mask[0]=0x00000000, sa_flags=0x00000000
SIGUSR2: [libjvm.so+0x7c32b0], sa_mask[0]=0x00000004, sa_flags=0x10000004
SIGHUP: SIG_DFL, sa_mask[0]=0x00000000, sa_flags=0x00000000
SIGINT: SIG_DFL, sa_mask[0]=0x00000000, sa_flags=0x00000000
SIGTERM: SIG_DFL, sa_mask[0]=0x00000000, sa_flags=0x00000000
SIGQUIT: SIG_DFL, sa_mask[0]=0x00000000, sa_flags=0x00000000
SIGTRAP: SIG_DFL, sa_mask[0]=0x00000000, sa_flags=0x00000000


---------------  S Y S T E M  ---------------

OS:Ubuntu 14.04 (trusty)
uname:Linux 3.13.0-40-generic #69-Ubuntu SMP Thu Nov 13 17:53:56 UTC 2014 x86_64
libc:glibc 2.19 NPTL 2.19 
rlimit: STACK 8192k, CORE 0k, NPROC 29085, NOFILE 4096, AS infinity
load average:2.74 1.12 0.72

/proc/meminfo:
MemTotal:        3931656 kB
MemFree:           97660 kB
Buffers:             352 kB
Cached:           598520 kB
SwapCached:            0 kB
Active:          3031112 kB
Inactive:         586944 kB
Active(anon):    3021896 kB
Inactive(anon):   576680 kB
Active(file):       9216 kB
Inactive(file):    10264 kB
Unevictable:          48 kB
Mlocked:              48 kB
SwapTotal:             0 kB
SwapFree:              0 kB
Dirty:                68 kB
Writeback:             0 kB
AnonPages:       3019468 kB
Mapped:           160460 kB
Shmem:            579156 kB
Slab:              75816 kB
SReclaimable:      28500 kB
SUnreclaim:        47316 kB
KernelStack:        6424 kB
PageTables:        59852 kB
NFS_Unstable:          0 kB
Bounce:                0 kB
WritebackTmp:          0 kB
CommitLimit:     1965828 kB
Committed_AS:    9445904 kB
VmallocTotal:   34359738367 kB
VmallocUsed:      351892 kB
VmallocChunk:   34359381112 kB
HardwareCorrupted:     0 kB
AnonHugePages:   1294336 kB
HugePages_Total:       0
HugePages_Free:        0
HugePages_Rsvd:        0
HugePages_Surp:        0
Hugepagesize:       2048 kB
DirectMap4k:       80236 kB
DirectMap2M:     3997696 kB


CPU:total 4 (2 cores per cpu, 2 threads per core) family 6 model 58 stepping 9, cmov, cx8, fxsr, mmx, sse, sse2, sse3, ssse3, sse4.1, sse4.2, popcnt, avx, aes, erms, ht, tsc, tscinvbit, tscinv

/proc/cpuinfo:
processor	: 0
vendor_id	: GenuineIntel
cpu family	: 6
model		: 58
model name	: Intel(R) Core(TM) i7-3517U CPU @ 1.90GHz
stepping	: 9
microcode	: 0x12
cpu MHz		: 1900.000
cache size	: 4096 KB
physical id	: 0
siblings	: 4
core id		: 0
cpu cores	: 2
apicid		: 0
initial apicid	: 0
fpu		: yes
fpu_exception	: yes
cpuid level	: 13
wp		: yes
flags		: fpu vme de pse tsc msr pae mce cx8 apic sep mtrr pge mca cmov pat pse36 clflush dts acpi mmx fxsr sse sse2 ss ht tm pbe syscall nx rdtscp lm constant_tsc arch_perfmon pebs bts rep_good nopl xtopology nonstop_tsc aperfmperf eagerfpu pni pclmulqdq dtes64 monitor ds_cpl vmx est tm2 ssse3 cx16 xtpr pdcm pcid sse4_1 sse4_2 x2apic popcnt tsc_deadline_timer aes xsave avx f16c rdrand lahf_lm ida arat epb xsaveopt pln pts dtherm tpr_shadow vnmi flexpriority ept vpid fsgsbase smep erms
bogomips	: 4788.90
clflush size	: 64
cache_alignment	: 64
address sizes	: 36 bits physical, 48 bits virtual
power management:

processor	: 1
vendor_id	: GenuineIntel
cpu family	: 6
model		: 58
model name	: Intel(R) Core(TM) i7-3517U CPU @ 1.90GHz
stepping	: 9
microcode	: 0x12
cpu MHz		: 1900.000
cache size	: 4096 KB
physical id	: 0
siblings	: 4
core id		: 1
cpu cores	: 2
apicid		: 2
initial apicid	: 2
fpu		: yes
fpu_exception	: yes
cpuid level	: 13
wp		: yes
flags		: fpu vme de pse tsc msr pae mce cx8 apic sep mtrr pge mca cmov pat pse36 clflush dts acpi mmx fxsr sse sse2 ss ht tm pbe syscall nx rdtscp lm constant_tsc arch_perfmon pebs bts rep_good nopl xtopology nonstop_tsc aperfmperf eagerfpu pni pclmulqdq dtes64 monitor ds_cpl vmx est tm2 ssse3 cx16 xtpr pdcm pcid sse4_1 sse4_2 x2apic popcnt tsc_deadline_timer aes xsave avx f16c rdrand lahf_lm ida arat epb xsaveopt pln pts dtherm tpr_shadow vnmi flexpriority ept vpid fsgsbase smep erms
bogomips	: 4788.90
clflush size	: 64
cache_alignment	: 64
address sizes	: 36 bits physical, 48 bits virtual
power management:

processor	: 2
vendor_id	: GenuineIntel
cpu family	: 6
model		: 58
model name	: Intel(R) Core(TM) i7-3517U CPU @ 1.90GHz
stepping	: 9
microcode	: 0x12
cpu MHz		: 1900.000
cache size	: 4096 KB
physical id	: 0
siblings	: 4
core id		: 0
cpu cores	: 2
apicid		: 1
initial apicid	: 1
fpu		: yes
fpu_exception	: yes
cpuid level	: 13
wp		: yes
flags		: fpu vme de pse tsc msr pae mce cx8 apic sep mtrr pge mca cmov pat pse36 clflush dts acpi mmx fxsr sse sse2 ss ht tm pbe syscall nx rdtscp lm constant_tsc arch_perfmon pebs bts rep_good nopl xtopology nonstop_tsc aperfmperf eagerfpu pni pclmulqdq dtes64 monitor ds_cpl vmx est tm2 ssse3 cx16 xtpr pdcm pcid sse4_1 sse4_2 x2apic popcnt tsc_deadline_timer aes xsave avx f16c rdrand lahf_lm ida arat epb xsaveopt pln pts dtherm tpr_shadow vnmi flexpriority ept vpid fsgsbase smep erms
bogomips	: 4788.90
clflush size	: 64
cache_alignment	: 64
address sizes	: 36 bits physical, 48 bits virtual
power management:

processor	: 3
vendor_id	: GenuineIntel
cpu family	: 6
model		: 58
model name	: Intel(R) Core(TM) i7-3517U CPU @ 1.90GHz
stepping	: 9
microcode	: 0x12
cpu MHz		: 1900.000
cache size	: 4096 KB
physical id	: 0
siblings	: 4
core id		: 1
cpu cores	: 2
apicid		: 3
initial apicid	: 3
fpu		: yes
fpu_exception	: yes
cpuid level	: 13
wp		: yes
flags		: fpu vme de pse tsc msr pae mce cx8 apic sep mtrr pge mca cmov pat pse36 clflush dts acpi mmx fxsr sse sse2 ss ht tm pbe syscall nx rdtscp lm constant_tsc arch_perfmon pebs bts rep_good nopl xtopology nonstop_tsc aperfmperf eagerfpu pni pclmulqdq dtes64 monitor ds_cpl vmx est tm2 ssse3 cx16 xtpr pdcm pcid sse4_1 sse4_2 x2apic popcnt tsc_deadline_timer aes xsave avx f16c rdrand lahf_lm ida arat epb xsaveopt pln pts dtherm tpr_shadow vnmi flexpriority ept vpid fsgsbase smep erms
bogomips	: 4788.90
clflush size	: 64
cache_alignment	: 64
address sizes	: 36 bits physical, 48 bits virtual
power management:



Memory: 4k page, physical 3931656k(97660k free), swap 0k(0k free)

vm_info: OpenJDK 64-Bit Server VM (24.65-b04) for linux-amd64 JRE (1.7.0_65-b32), built on Oct 22 2014 04:37:44 by "buildd" with gcc 4.8.2

time: Sun Dec  7 20:30:03 2014
elapsed time: 1 seconds

